* 000000 [Engine] Log started at 2023/8/15 14:42:35
* 000000 [Engine] This copy of the engine is git hash 302908cbc1edc80bcb5e45f1b7c52801e0ce5576, built on Mar 10 2023, at 22:19:53
* 000000 [Engine] Platform: Windows
* 000000 [Engine] 
* 000000 [Engine] *******************************************************************************************
* 000000 [Engine] *** This is the Standard license build!                                                 ***
* 000000 [Engine] *** Get more with an Indie or Pro license such as C extensions, mobile dev, and VR dev! ***
* 000000 [Engine] *** Details at http://dragonruby.org/toolkit/game#purchase                              ***
* 000000 [Engine] *******************************************************************************************
* 000000 [Engine] 
- 000000 [Engine] Game Dir: C:\Users\aquil\OneDrive\Desktop\dragonruby-windows-amd64\/mygame
- 000000 [Engine] Game ID: sample-app
- 000000 [Engine] Game Title: Sample App
- 000000 [Engine] Game Version: 1.0
- 000000 [Engine] Game Package ID: org.dragonruby.sample-app
- 000000 [Engine] Game Developer ID: dragonruby
- 000000 [Engine] Game Developer Title: DragonRuby LLC
- 000000 [Engine] Production Build: no
- 000000 [Engine] Remote Hotload: no
? 000000 [Engine] Loading cvars from file 'metadata/cvars.txt' ...
? 000000 [Engine] File 'metadata/cvars.txt' line 1 setting cvar 'log.filter_subsystems' to 'HTTPServer'
? 000000 [Engine] File 'metadata/cvars.txt' complete
- 000000 [Render] Using SDL renderer backend: direct3d
? 000000 [Engine] RNG seed has been set to 1692074556.
- 000000 [Engine] Janitor is using 4 threads.
? 000000 [Engine] Marked app/main.rb for reload. (-1)
? 000026 [Engine] Marked app/title.rb for reload. (1559)
? 000054 [Engine] Marked app/title.rb for reload. (3239)
? 000077 [Engine] Marked app/title.rb for reload. (4619)
? 000096 [Engine] Marked app/title.rb for reload. (5759)
? 000102 [Engine] Marked app/title.rb for reload. (6119)
? 000152 [Engine] Marked app/title.rb for reload. (9119)
? 000212 [Engine] Marked app/title.rb for reload. (12719)
? 000223 [Engine] Marked app/title.rb for reload. (13379)
* 000359 [Engine] Logging shutting down
